TN:
SF:src\components\ui\AlertStrip.jsx
FN:20,(anonymous_0)
FN:23,(anonymous_1)
FN:24,(anonymous_2)
FN:31,(anonymous_3)
FN:32,(anonymous_4)
FN:92,(anonymous_5)
FN:126,(anonymous_6)
FN:129,(anonymous_7)
FN:130,(anonymous_8)
FNF:9
FNH:0
FNDA:0,(anonymous_0)
FNDA:0,(anonymous_1)
FNDA:0,(anonymous_2)
FNDA:0,(anonymous_3)
FNDA:0,(anonymous_4)
FNDA:0,(anonymous_5)
FNDA:0,(anonymous_6)
FNDA:0,(anonymous_7)
FNDA:0,(anonymous_8)
DA:6,0
DA:13,0
DA:20,0
DA:21,0
DA:23,0
DA:24,0
DA:25,0
DA:26,0
DA:27,0
DA:31,0
DA:32,0
DA:35,0
DA:93,0
DA:94,0
DA:126,0
DA:129,0
DA:130,0
DA:154,0
LF:18
LH:0
BRDA:25,0,0,0
BRDA:25,0,1,0
BRDA:25,1,0,0
BRDA:25,1,1,0
BRDA:26,2,0,0
BRDA:26,2,1,0
BRDA:32,3,0,0
BRDA:32,3,1,0
BRDA:45,4,0,0
BRDA:45,4,1,0
BRDA:62,5,0,0
BRDA:62,5,1,0
BRDA:93,6,0,0
BRDA:93,6,1,0
BRDA:124,7,0,0
BRDA:124,7,1,0
BRF:16
BRH:0
end_of_record
TN:
SF:src\components\ui\AnimatedNumber.jsx
FN:8,(anonymous_0)
FN:11,(anonymous_1)
FN:17,(anonymous_2)
FN:26,(anonymous_3)
FN:30,(anonymous_4)
FNF:5
FNH:0
FNDA:0,(anonymous_0)
FNDA:0,(anonymous_1)
FNDA:0,(anonymous_2)
FNDA:0,(anonymous_3)
FNDA:0,(anonymous_4)
DA:8,3
DA:9,0
DA:10,0
DA:11,0
DA:13,0
DA:14,0
DA:15,0
DA:17,0
DA:18,0
DA:19,0
DA:20,0
DA:22,0
DA:23,0
DA:24,0
DA:25,0
DA:26,0
DA:27,0
DA:28,0
DA:30,0
DA:34,0
LF:20
LH:1
BRDA:8,0,0,0
BRDA:8,1,0,0
BRDA:22,2,0,0
BRDA:22,2,1,0
BRDA:24,3,0,0
BRDA:24,3,1,0
BRF:6
BRH:0
end_of_record
TN:
SF:src\components\ui\index.jsx
FN:13,(anonymous_0)
FN:20,CongestionMeter
FN:104,StatusBadge
FN:154,AIBadge
FN:246,Button
FN:354,Card
FN:452,FilterChip
FN:496,QuickActionChip
FN:502,(anonymous_8)
FN:503,(anonymous_9)
FN:549,SkeletonLoader
FN:572,SkeletonGateCard
FN:590,SkeletonRouteCard
FN:615,Toggle
FN:624,(anonymous_14)
FNF:15
FNH:4
FNDA:8,(anonymous_0)
FNDA:8,CongestionMeter
FNDA:15,StatusBadge
FNDA:0,AIBadge
FNDA:11,Button
FNDA:0,Card
FNDA:0,FilterChip
FNDA:0,QuickActionChip
FNDA:0,(anonymous_8)
FNDA:0,(anonymous_9)
FNDA:0,SkeletonLoader
FNDA:0,SkeletonGateCard
FNDA:0,SkeletonRouteCard
FNDA:0,Toggle
FNDA:0,(anonymous_14)
DA:13,3
DA:14,8
DA:15,6
DA:16,5
DA:17,2
DA:20,3
DA:21,8
DA:22,8
DA:80,3
DA:85,3
DA:93,3
DA:104,3
DA:105,15
DA:106,15
DA:107,15
DA:138,3
DA:144,3
DA:154,3
DA:155,0
DA:177,3
DA:180,3
DA:187,3
DA:193,3
DA:246,3
DA:259,11
DA:260,11
DA:261,11
DA:263,11
DA:285,11
DA:286,1
DA:289,11
DA:326,3
DA:338,3
DA:354,3
DA:366,0
DA:373,0
DA:374,0
DA:376,0
DA:377,0
DA:385,0
DA:386,0
DA:387,0
DA:393,0
DA:394,0
DA:395,0
DA:402,0
DA:404,0
DA:410,0
DA:413,0
DA:426,3
DA:437,3
DA:452,3
DA:453,0
DA:479,3
DA:486,3
DA:496,3
DA:497,0
DA:498,0
DA:502,0
DA:503,0
DA:536,3
DA:541,3
DA:549,3
DA:550,0
DA:560,3
DA:564,3
DA:572,3
DA:573,0
DA:590,3
DA:591,0
DA:615,3
DA:616,0
DA:624,0
DA:674,3
DA:681,3
LF:75
LH:49
BRDA:14,0,0,2
BRDA:14,0,1,6
BRDA:15,1,0,1
BRDA:15,1,1,5
BRDA:16,2,0,3
BRDA:16,2,1,2
BRDA:24,3,0,8
BRDA:24,3,1,7
BRDA:55,4,0,7
BRDA:55,4,1,1
BRDA:105,5,0,15
BRDA:105,5,1,0
BRDA:106,6,0,15
BRDA:106,6,1,14
BRDA:124,7,0,1
BRDA:124,7,1,14
BRDA:259,8,0,11
BRDA:259,8,1,6
BRDA:260,9,0,11
BRDA:260,9,1,11
BRDA:269,10,0,0
BRDA:269,10,1,11
BRDA:270,11,0,0
BRDA:270,11,1,11
BRDA:275,12,0,0
BRDA:275,12,1,11
BRDA:276,13,0,2
BRDA:276,13,1,9
BRDA:277,14,0,2
BRDA:277,14,1,9
BRDA:285,15,0,1
BRDA:285,15,1,10
BRDA:286,16,0,0
BRDA:286,16,1,1
BRDA:286,17,0,0
BRDA:286,17,1,1
BRDA:286,18,0,0
BRDA:286,18,1,1
BRDA:292,19,0,11
BRDA:292,19,1,9
BRDA:294,20,0,2
BRDA:294,20,1,9
BRDA:295,21,0,2
BRDA:295,21,1,9
BRDA:295,22,0,1
BRDA:295,22,1,8
BRDA:302,23,0,1
BRDA:302,23,1,10
BRDA:314,24,0,10
BRDA:314,24,1,0
BRDA:376,25,0,0
BRDA:376,25,1,0
BRDA:386,26,0,0
BRDA:386,26,1,0
BRDA:394,27,0,0
BRDA:394,27,1,0
BRDA:394,28,0,0
BRDA:394,28,1,0
BRDA:417,29,0,0
BRDA:417,29,1,0
BRDA:417,30,0,0
BRDA:417,30,1,0
BRDA:459,31,0,0
BRDA:459,31,1,0
BRDA:460,32,0,0
BRDA:460,32,1,0
BRDA:466,33,0,0
BRDA:466,33,1,0
BRDA:471,34,0,0
BRDA:471,34,1,0
BRDA:471,34,2,0
BRDA:506,35,0,0
BRDA:506,35,1,0
BRDA:507,36,0,0
BRDA:507,36,1,0
BRDA:514,37,0,0
BRDA:514,37,1,0
BRDA:524,38,0,0
BRDA:524,38,1,0
BRDA:525,39,0,0
BRDA:525,39,1,0
BRDA:624,40,0,0
BRDA:624,40,1,0
BRDA:624,41,0,0
BRDA:624,41,1,0
BRDA:629,42,0,0
BRDA:629,42,1,0
BRDA:630,43,0,0
BRDA:630,43,1,0
BRDA:638,44,0,0
BRDA:638,44,1,0
BRDA:649,45,0,0
BRDA:649,45,1,0
BRDA:664,46,0,0
BRDA:664,46,1,0
BRF:95
BRH:42
end_of_record
TN:
SF:src\hooks\use3DTilt.js
FN:16,use3DTilt
FN:27,(anonymous_1)
FN:46,(anonymous_2)
FN:50,(anonymous_3)
FN:56,(anonymous_4)
FN:68,(anonymous_5)
FN:70,(anonymous_6)
FN:82,(anonymous_7)
FNF:8
FNH:0
FNDA:0,use3DTilt
FNDA:0,(anonymous_1)
FNDA:0,(anonymous_2)
FNDA:0,(anonymous_3)
FNDA:0,(anonymous_4)
FNDA:0,(anonymous_5)
FNDA:0,(anonymous_6)
FNDA:0,(anonymous_7)
DA:10,0
DA:17,0
DA:18,0
DA:19,0
DA:20,0
DA:24,0
DA:27,0
DA:28,0
DA:29,0
DA:35,0
DA:38,0
DA:39,0
DA:40,0
DA:41,0
DA:42,0
DA:46,0
DA:47,0
DA:48,0
DA:50,0
DA:51,0
DA:52,0
DA:53,0
DA:55,0
DA:56,0
DA:57,0
DA:58,0
DA:59,0
DA:60,0
DA:61,0
DA:62,0
DA:63,0
DA:64,0
DA:68,0
DA:69,0
DA:70,0
DA:71,0
DA:72,0
DA:73,0
DA:74,0
DA:75,0
DA:79,0
DA:80,0
DA:82,0
DA:83,0
DA:84,0
DA:85,0
DA:86,0
DA:90,0
LF:48
LH:0
BRDA:16,0,0,0
BRDA:20,1,0,0
BRDA:20,1,1,0
BRDA:24,2,0,0
BRDA:24,2,1,0
BRDA:28,3,0,0
BRDA:28,3,1,0
BRDA:39,4,0,0
BRDA:39,4,1,0
BRDA:48,5,0,0
BRDA:48,5,1,0
BRDA:48,6,0,0
BRDA:48,6,1,0
BRDA:51,7,0,0
BRDA:51,7,1,0
BRDA:71,8,0,0
BRDA:71,8,1,0
BRDA:75,9,0,0
BRDA:75,9,1,0
BRF:19
BRH:0
end_of_record
TN:
SF:src\hooks\useAlertManager.js
FN:15,useAlertManager
FN:28,(anonymous_1)
FN:48,(anonymous_2)
FN:57,(anonymous_3)
FNF:4
FNH:0
FNDA:0,useAlertManager
FNDA:0,(anonymous_1)
FNDA:0,(anonymous_2)
FNDA:0,(anonymous_3)
DA:16,0
DA:17,0
DA:28,0
DA:29,0
DA:30,0
DA:31,0
DA:48,0
DA:49,0
DA:50,0
DA:57,0
DA:58,0
DA:61,0
LF:12
LH:0
BRDA:29,0,0,0
BRDA:29,0,1,0
BRF:2
BRH:0
end_of_record
TN:
SF:src\hooks\useEventPhase.js
FN:32,useEventPhase
FN:36,(anonymous_1)
FN:37,(anonymous_2)
FN:44,(anonymous_3)
FNF:4
FNH:0
FNDA:0,useEventPhase
FNDA:0,(anonymous_1)
FNDA:0,(anonymous_2)
FNDA:0,(anonymous_3)
DA:6,0
DA:14,0
DA:33,0
DA:34,0
DA:36,0
DA:37,0
DA:44,0
DA:46,0
LF:8
LH:0
BRDA:36,0,0,0
BRDA:36,0,1,0
BRDA:37,1,0,0
BRDA:37,1,1,0
BRF:4
BRH:0
end_of_record
TN:
SF:src\hooks\useMagneticEffect.js
FN:11,useMagneticEffect
FN:26,(anonymous_1)
FN:29,(anonymous_2)
FN:54,(anonymous_3)
FNF:4
FNH:0
FNDA:0,useMagneticEffect
FNDA:0,(anonymous_1)
FNDA:0,(anonymous_2)
FNDA:0,(anonymous_3)
DA:12,0
DA:13,0
DA:14,0
DA:18,0
DA:23,0
DA:26,0
DA:27,0
DA:29,0
DA:30,0
DA:31,0
DA:32,0
DA:33,0
DA:34,0
DA:35,0
DA:36,0
DA:37,0
DA:39,0
DA:40,0
DA:41,0
DA:46,0
DA:48,0
DA:49,0
DA:53,0
DA:54,0
DA:57,0
DA:62,0
LF:26
LH:0
BRDA:11,0,0,0
BRDA:18,1,0,0
BRDA:18,1,1,0
BRDA:23,2,0,0
BRDA:23,2,1,0
BRDA:27,3,0,0
BRDA:27,3,1,0
BRDA:27,4,0,0
BRDA:27,4,1,0
BRDA:31,5,0,0
BRDA:31,5,1,0
BRDA:39,6,0,0
BRDA:39,6,1,0
BRF:13
BRH:0
end_of_record
TN:
SF:src\hooks\useRecommendations.js
FN:20,useRecommendations
FN:24,(anonymous_1)
FNF:2
FNH:0
FNDA:0,useRecommendations
FNDA:0,(anonymous_1)
DA:21,0
DA:22,0
DA:24,0
DA:29,0
LF:4
LH:0
BRF:0
BRH:0
end_of_record
TN:
SF:src\hooks\useSimulation.js
FN:12,getCongestionStatus
FN:25,addNoise
FN:37,applyPhasePreset
FN:41,(anonymous_3)
FN:43,(anonymous_4)
FN:44,(anonymous_5)
FN:52,(anonymous_6)
FN:53,(anonymous_7)
FN:59,(anonymous_8)
FN:60,(anonymous_9)
FN:66,(anonymous_10)
FN:67,(anonymous_11)
FN:115,applyCongestionNoise
FN:119,(anonymous_13)
FN:125,(anonymous_14)
FN:128,(anonymous_15)
FN:131,(anonymous_16)
FN:134,(anonymous_17)
FN:149,generateSpikeState
FN:169,(anonymous_19)
FN:176,(anonymous_20)
FN:179,(anonymous_21)
FN:180,(anonymous_22)
FN:186,(anonymous_23)
FN:190,(anonymous_24)
FN:200,(anonymous_25)
FN:207,(anonymous_26)
FN:208,(anonymous_27)
FN:230,(anonymous_28)
FN:231,(anonymous_29)
FN:232,(anonymous_30)
FN:233,(anonymous_31)
FN:234,(anonymous_32)
FN:238,(anonymous_33)
FN:261,(anonymous_34)
FN:266,(anonymous_35)
FN:274,(anonymous_36)
FNF:37
FNH:19
FNDA:276,getCongestionStatus
FNDA:380,addNoise
FNDA:17,applyPhasePreset
FNDA:536,(anonymous_3)
FNDA:9,(anonymous_4)
FNDA:54,(anonymous_5)
FNDA:25,(anonymous_6)
FNDA:184,(anonymous_7)
FNDA:24,(anonymous_8)
FNDA:120,(anonymous_9)
FNDA:14,(anonymous_10)
FNDA:56,(anonymous_11)
FNDA:5,applyCongestionNoise
FNDA:30,(anonymous_13)
FNDA:40,(anonymous_14)
FNDA:30,(anonymous_15)
FNDA:20,(anonymous_16)
FNDA:20,(anonymous_17)
FNDA:9,generateSpikeState
FNDA:0,(anonymous_19)
FNDA:0,(anonymous_20)
FNDA:0,(anonymous_21)
FNDA:0,(anonymous_22)
FNDA:0,(anonymous_23)
FNDA:0,(anonymous_24)
FNDA:0,(anonymous_25)
FNDA:0,(anonymous_26)
FNDA:0,(anonymous_27)
FNDA:0,(anonymous_28)
FNDA:0,(anonymous_29)
FNDA:0,(anonymous_30)
FNDA:0,(anonymous_31)
FNDA:0,(anonymous_32)
FNDA:0,(anonymous_33)
FNDA:0,(anonymous_34)
FNDA:0,(anonymous_35)
FNDA:0,(anonymous_36)
DA:13,276
DA:14,274
DA:15,244
DA:16,173
DA:26,380
DA:27,380
DA:38,17
DA:39,17
DA:41,536
DA:43,17
DA:44,9
DA:45,54
DA:46,54
DA:47,54
DA:52,17
DA:53,25
DA:54,184
DA:55,184
DA:59,17
DA:60,24
DA:61,120
DA:62,120
DA:66,17
DA:67,14
DA:68,56
DA:69,56
DA:73,17
DA:74,4
DA:75,4
DA:76,4
DA:77,4
DA:78,4
DA:79,4
DA:80,13
DA:81,5
DA:82,5
DA:83,5
DA:84,5
DA:85,5
DA:86,8
DA:87,5
DA:88,5
DA:89,5
DA:90,5
DA:91,5
DA:92,5
DA:93,5
DA:94,5
DA:95,5
DA:96,3
DA:97,3
DA:98,3
DA:99,3
DA:100,3
DA:101,3
DA:102,3
DA:105,17
DA:116,5
DA:118,5
DA:120,30
DA:121,30
DA:124,5
DA:125,40
DA:127,5
DA:128,30
DA:130,5
DA:131,20
DA:133,5
DA:134,20
DA:137,5
DA:150,9
DA:151,9
DA:152,6
DA:153,6
DA:155,9
DA:156,2
DA:158,9
DA:169,1
DA:170,0
DA:171,0
DA:172,0
DA:173,0
DA:176,0
DA:177,0
DA:179,0
DA:180,0
DA:182,0
DA:186,0
DA:188,0
DA:190,0
DA:191,0
DA:192,0
DA:194,0
DA:198,0
DA:200,0
DA:201,0
DA:202,0
DA:207,0
DA:208,0
DA:209,0
DA:210,0
DA:211,0
DA:212,0
DA:213,0
DA:226,0
DA:230,0
DA:231,0
DA:232,0
DA:233,0
DA:234,0
DA:238,0
DA:239,0
DA:241,0
DA:242,0
DA:257,0
DA:261,0
DA:262,0
DA:263,0
DA:265,0
DA:266,0
DA:267,0
DA:268,0
DA:269,0
DA:270,0
DA:274,0
DA:275,0
DA:278,0
LF:127
LH:78
BRDA:13,0,0,2
BRDA:13,0,1,274
BRDA:14,1,0,30
BRDA:14,1,1,244
BRDA:15,2,0,71
BRDA:15,2,1,173
BRDA:25,3,0,380
BRDA:45,4,0,54
BRDA:45,4,1,0
BRDA:73,5,0,4
BRDA:73,5,1,13
BRDA:80,6,0,5
BRDA:80,6,1,8
BRDA:86,7,0,5
BRDA:86,7,1,3
BRDA:96,8,0,3
BRDA:96,8,1,0
BRDA:151,9,0,6
BRDA:151,9,1,3
BRDA:151,10,0,9
BRDA:151,10,1,7
BRDA:155,11,0,2
BRDA:155,11,1,7
BRDA:155,12,0,9
BRDA:155,12,1,2
BRDA:177,13,0,0
BRDA:177,13,1,0
BRDA:191,14,0,0
BRDA:191,14,1,0
BRDA:209,15,0,0
BRDA:209,15,1,0
BRDA:211,16,0,0
BRDA:211,16,1,0
BRDA:219,17,0,0
BRDA:219,17,1,0
BRDA:241,18,0,0
BRDA:241,18,1,0
BRDA:262,19,0,0
BRDA:262,19,1,0
BRDA:265,20,0,0
BRDA:265,20,1,0
BRDA:268,21,0,0
BRDA:268,21,1,0
BRDA:268,22,0,0
BRDA:268,22,1,0
BRDA:269,23,0,0
BRDA:269,23,1,0
BRDA:269,24,0,0
BRDA:269,24,1,0
BRF:49
BRH:23
end_of_record
TN:
SF:src\hooks\useUserSection.js
FN:17,useUserSection
FN:22,(anonymous_1)
FN:27,(anonymous_2)
FN:32,(anonymous_3)
FN:34,(anonymous_4)
FN:35,(anonymous_5)
FN:39,(anonymous_6)
FN:41,(anonymous_7)
FN:42,(anonymous_8)
FNF:9
FNH:0
FNDA:0,useUserSection
FNDA:0,(anonymous_1)
FNDA:0,(anonymous_2)
FNDA:0,(anonymous_3)
FNDA:0,(anonymous_4)
FNDA:0,(anonymous_5)
FNDA:0,(anonymous_6)
FNDA:0,(anonymous_7)
FNDA:0,(anonymous_8)
DA:18,0
DA:19,0
DA:20,0
DA:22,0
DA:23,0
DA:27,0
DA:28,0
DA:32,0
DA:33,0
DA:34,0
DA:35,0
DA:36,0
DA:39,0
DA:40,0
DA:41,0
DA:42,0
DA:43,0
DA:46,0
DA:48,0
LF:19
LH:0
BRDA:23,0,0,0
BRDA:23,0,1,0
BRDA:28,1,0,0
BRDA:28,1,1,0
BRDA:36,2,0,0
BRDA:36,2,1,0
BRDA:43,3,0,0
BRDA:43,3,1,0
BRDA:46,4,0,0
BRDA:46,4,1,0
BRF:10
BRH:0
end_of_record
TN:
SF:src\services\gemini.js
FN:68,(anonymous_0)
FN:86,(anonymous_1)
FN:96,(anonymous_2)
FN:98,(anonymous_3)
FN:117,(anonymous_4)
FN:142,(anonymous_5)
FN:144,(anonymous_6)
FN:156,(anonymous_7)
FN:158,(anonymous_8)
FN:173,(anonymous_9)
FN:190,getCachedResponse
FN:208,setCache
FN:226,sanitizeUserInput
FN:250,sanitizeGeminiOutput
FN:278,(anonymous_14)
FN:295,(anonymous_15)
FN:317,(anonymous_16)
FN:345,(anonymous_17)
FN:346,(anonymous_18)
FN:360,(anonymous_19)
FN:361,(anonymous_20)
FN:362,(anonymous_21)
FN:363,(anonymous_22)
FN:398,(anonymous_23)
FN:400,(anonymous_24)
FN:436,(anonymous_25)
FN:437,(anonymous_26)
FN:438,(anonymous_27)
FN:439,(anonymous_28)
FN:440,(anonymous_29)
FN:441,(anonymous_30)
FN:444,(anonymous_31)
FN:445,(anonymous_32)
FN:499,streamGeminiResponse
FN:607,(anonymous_34)
FN:672,(anonymous_35)
FNF:36
FNH:23
FNDA:7,(anonymous_0)
FNDA:0,(anonymous_1)
FNDA:2,(anonymous_2)
FNDA:1,(anonymous_3)
FNDA:7,(anonymous_4)
FNDA:23,(anonymous_5)
FNDA:100,(anonymous_6)
FNDA:2,(anonymous_7)
FNDA:1,(anonymous_8)
FNDA:0,(anonymous_9)
FNDA:2,getCachedResponse
FNDA:0,setCache
FNDA:14,sanitizeUserInput
FNDA:5,sanitizeGeminiOutput
FNDA:0,(anonymous_14)
FNDA:0,(anonymous_15)
FNDA:1,(anonymous_16)
FNDA:0,(anonymous_17)
FNDA:0,(anonymous_18)
FNDA:0,(anonymous_19)
FNDA:0,(anonymous_20)
FNDA:0,(anonymous_21)
FNDA:0,(anonymous_22)
FNDA:7,(anonymous_23)
FNDA:7,(anonymous_24)
FNDA:5,(anonymous_25)
FNDA:30,(anonymous_26)
FNDA:20,(anonymous_27)
FNDA:30,(anonymous_28)
FNDA:20,(anonymous_29)
FNDA:20,(anonymous_30)
FNDA:30,(anonymous_31)
FNDA:20,(anonymous_32)
FNDA:1,streamGeminiResponse
FNDA:0,(anonymous_34)
FNDA:0,(anonymous_35)
DA:7,2
DA:9,2
DA:15,2
DA:19,0
DA:27,2
DA:34,2
DA:41,2
DA:42,2
DA:51,2
DA:69,7
DA:70,7
DA:71,7
DA:72,7
DA:73,3
DA:74,3
DA:87,0
DA:97,2
DA:98,1
DA:100,2
DA:118,7
DA:119,7
DA:120,7
DA:121,7
DA:131,2
DA:143,23
DA:144,100
DA:145,23
DA:146,22
DA:147,22
DA:157,2
DA:158,2
DA:159,2
DA:164,2
DA:173,2
DA:174,0
DA:175,0
DA:176,0
DA:177,0
DA:178,0
DA:180,0
DA:191,2
DA:192,0
DA:193,0
DA:194,0
DA:195,0
DA:197,0
DA:209,0
DA:210,0
DA:211,0
DA:213,0
DA:227,14
DA:228,11
DA:251,5
DA:252,2
DA:253,2
DA:259,0
DA:263,2
DA:266,2
DA:267,2
DA:268,2
DA:278,2
DA:279,0
DA:280,0
DA:281,0
DA:283,0
DA:295,2
DA:296,0
DA:297,0
DA:298,0
DA:299,0
DA:300,0
DA:302,0
DA:303,0
DA:317,2
DA:318,1
DA:319,1
DA:321,1
DA:322,0
DA:324,1
DA:325,0
DA:326,0
DA:327,0
DA:329,1
DA:330,1
DA:332,0
DA:333,0
DA:335,0
DA:336,0
DA:337,0
DA:339,0
DA:341,0
DA:342,0
DA:344,0
DA:345,0
DA:346,0
DA:347,0
DA:349,0
DA:360,2
DA:361,0
DA:362,0
DA:363,0
DA:364,0
DA:365,0
DA:367,0
DA:368,0
DA:370,0
DA:371,0
DA:373,0
DA:374,0
DA:375,0
DA:377,0
DA:378,0
DA:379,0
DA:380,0
DA:382,0
DA:383,0
DA:385,0
DA:398,2
DA:399,7
DA:400,7
DA:401,7
DA:402,7
DA:404,7
DA:436,2
DA:437,30
DA:438,20
DA:439,30
DA:440,20
DA:441,20
DA:443,5
DA:444,30
DA:445,20
DA:447,5
DA:468,2
DA:477,2
DA:500,1
DA:501,1
DA:504,1
DA:505,0
DA:506,0
DA:510,1
DA:511,0
DA:512,0
DA:516,1
DA:517,1
DA:521,1
DA:522,1
DA:523,1
DA:524,1
DA:528,0
DA:529,0
DA:534,0
DA:538,0
DA:539,0
DA:540,1
DA:542,1
DA:543,1
DA:544,0
DA:545,0
DA:546,0
DA:550,0
DA:551,0
DA:552,0
DA:553,0
DA:557,0
DA:558,0
DA:562,0
DA:563,1
DA:567,1
DA:568,1
DA:570,1
DA:571,1
DA:572,0
DA:573,0
DA:574,0
DA:575,0
DA:576,0
DA:578,0
DA:579,0
DA:581,0
DA:582,0
DA:583,0
DA:584,0
DA:591,0
DA:607,2
DA:608,0
DA:609,0
DA:612,0
DA:613,0
DA:617,0
DA:618,0
DA:622,0
DA:623,0
DA:627,0
DA:628,0
DA:629,0
DA:633,0
DA:634,0
DA:642,0
DA:643,0
DA:644,0
DA:646,0
DA:647,0
DA:648,0
DA:649,0
DA:653,0
DA:654,0
DA:655,0
DA:659,0
DA:660,0
DA:664,0
DA:665,0
DA:669,0
DA:670,0
DA:672,0
DA:673,0
DA:674,0
DA:675,0
DA:676,0
DA:677,0
DA:678,0
DA:680,0
DA:681,0
DA:682,0
DA:683,0
DA:690,0
DA:692,0
DA:696,0
LF:228
LH:89
BRDA:10,0,0,2
BRDA:10,0,1,2
BRDA:10,0,2,2
BRDA:15,1,0,0
BRDA:15,1,1,2
BRDA:15,2,0,2
BRDA:15,2,1,2
BRDA:41,3,0,2
BRDA:41,3,1,0
BRDA:42,4,0,2
BRDA:42,4,1,0
BRDA:68,5,0,7
BRDA:68,6,0,7
BRDA:70,7,0,3
BRDA:70,7,1,4
BRDA:71,8,0,1
BRDA:71,8,1,6
BRDA:72,9,0,3
BRDA:72,9,1,4
BRDA:72,10,0,7
BRDA:72,10,1,4
BRDA:72,10,2,3
BRDA:74,11,0,0
BRDA:74,11,1,3
BRDA:86,12,0,0
BRDA:86,13,0,0
BRDA:97,14,0,1
BRDA:97,14,1,1
BRDA:102,15,0,1
BRDA:102,15,1,1
BRDA:105,16,0,1
BRDA:105,16,1,1
BRDA:145,17,0,1
BRDA:145,17,1,22
BRDA:191,18,0,2
BRDA:191,18,1,0
BRDA:193,19,0,0
BRDA:193,19,1,0
BRDA:209,20,0,0
BRDA:209,20,1,0
BRDA:227,21,0,3
BRDA:227,21,1,11
BRDA:251,22,0,3
BRDA:251,22,1,2
BRDA:252,23,0,2
BRDA:252,23,1,0
BRDA:252,24,0,2
BRDA:252,24,1,2
BRDA:279,25,0,0
BRDA:279,25,1,0
BRDA:280,26,0,0
BRDA:280,26,1,0
BRDA:296,27,0,0
BRDA:296,27,1,0
BRDA:296,28,0,0
BRDA:296,28,1,0
BRDA:297,29,0,0
BRDA:297,29,1,0
BRDA:298,30,0,0
BRDA:298,30,1,0
BRDA:299,31,0,0
BRDA:299,31,1,0
BRDA:302,32,0,0
BRDA:302,32,1,0
BRDA:319,33,0,1
BRDA:319,33,1,0
BRDA:321,34,0,0
BRDA:321,34,1,1
BRDA:324,35,0,0
BRDA:324,35,1,1
BRDA:326,36,0,0
BRDA:326,36,1,0
BRDA:329,37,0,1
BRDA:329,37,1,0
BRDA:330,38,0,1
BRDA:330,38,1,1
BRDA:330,39,0,1
BRDA:330,39,1,1
BRDA:330,40,0,1
BRDA:330,40,1,0
BRDA:332,41,0,0
BRDA:332,41,1,0
BRDA:333,42,0,0
BRDA:333,42,1,0
BRDA:335,43,0,0
BRDA:335,43,1,0
BRDA:336,44,0,0
BRDA:336,44,1,0
BRDA:341,45,0,0
BRDA:341,45,1,0
BRDA:342,46,0,0
BRDA:342,46,1,0
BRDA:344,47,0,0
BRDA:344,47,1,0
BRDA:365,48,0,0
BRDA:365,48,1,0
BRDA:365,49,0,0
BRDA:365,49,1,0
BRDA:367,50,0,0
BRDA:367,50,1,0
BRDA:370,51,0,0
BRDA:370,51,1,0
BRDA:373,52,0,0
BRDA:373,52,1,0
BRDA:375,53,0,0
BRDA:375,53,1,0
BRDA:377,54,0,0
BRDA:377,54,1,0
BRDA:380,55,0,0
BRDA:380,55,1,0
BRDA:380,56,0,0
BRDA:380,56,1,0
BRDA:380,57,0,0
BRDA:380,57,1,0
BRDA:382,58,0,0
BRDA:382,58,1,0
BRDA:401,59,0,7
BRDA:401,59,1,0
BRDA:402,60,0,7
BRDA:402,60,1,0
BRDA:409,61,0,7
BRDA:409,61,1,0
BRDA:415,62,0,7
BRDA:415,62,1,0
BRDA:416,63,0,1
BRDA:416,63,1,6
BRDA:417,64,0,0
BRDA:417,64,1,7
BRDA:444,65,0,15
BRDA:444,65,1,15
BRDA:445,66,0,0
BRDA:445,66,1,20
BRDA:504,67,0,0
BRDA:504,67,1,1
BRDA:504,68,0,1
BRDA:504,68,1,1
BRDA:510,69,0,0
BRDA:510,69,1,1
BRDA:517,70,0,0
BRDA:517,70,1,1
BRDA:521,71,0,1
BRDA:521,71,1,0
BRDA:528,72,0,0
BRDA:528,72,1,0
BRDA:528,73,0,0
BRDA:528,73,1,0
BRDA:539,74,0,0
BRDA:539,74,1,0
BRDA:543,75,0,0
BRDA:543,75,1,1
BRDA:550,76,0,0
BRDA:550,76,1,0
BRDA:557,77,0,0
BRDA:557,77,1,0
BRDA:562,78,0,0
BRDA:562,78,1,0
BRDA:563,79,0,0
BRDA:563,79,1,0
BRDA:583,80,0,0
BRDA:583,80,1,0
BRDA:584,81,0,0
BRDA:584,81,1,0
BRDA:584,82,0,0
BRDA:584,82,1,0
BRDA:586,83,0,0
BRDA:586,83,1,0
BRDA:586,84,0,0
BRDA:586,84,1,0
BRDA:588,85,0,0
BRDA:588,85,1,0
BRDA:612,86,0,0
BRDA:612,86,1,0
BRDA:612,87,0,0
BRDA:612,87,1,0
BRDA:617,88,0,0
BRDA:617,88,1,0
BRDA:623,89,0,0
BRDA:623,89,1,0
BRDA:627,90,0,0
BRDA:627,90,1,0
BRDA:633,91,0,0
BRDA:633,91,1,0
BRDA:643,92,0,0
BRDA:643,92,1,0
BRDA:647,93,0,0
BRDA:647,93,1,0
BRDA:653,94,0,0
BRDA:653,94,1,0
BRDA:659,95,0,0
BRDA:659,95,1,0
BRDA:664,96,0,0
BRDA:664,96,1,0
BRDA:665,97,0,0
BRDA:665,97,1,0
BRDA:682,98,0,0
BRDA:682,98,1,0
BRDA:683,99,0,0
BRDA:683,99,1,0
BRDA:683,100,0,0
BRDA:683,100,1,0
BRDA:685,101,0,0
BRDA:685,101,1,0
BRDA:685,102,0,0
BRDA:685,102,1,0
BRDA:687,103,0,0
BRDA:687,103,1,0
BRF:206
BRH:62
end_of_record
TN:
SF:src\utils\recommendationEngine.js
FN:11,(anonymous_0)
FN:45,(anonymous_1)
FN:75,(anonymous_2)
FN:78,(anonymous_3)
FN:83,(anonymous_4)
FN:98,(anonymous_5)
FN:101,(anonymous_6)
FN:107,(anonymous_7)
FN:122,(anonymous_8)
FN:125,(anonymous_9)
FN:131,(anonymous_10)
FN:146,(anonymous_11)
FN:149,(anonymous_12)
FN:154,(anonymous_13)
FN:170,(anonymous_14)
FN:201,(anonymous_15)
FNF:16
FNH:16
FNDA:331,(anonymous_0)
FNDA:136,(anonymous_1)
FNDA:34,(anonymous_2)
FNDA:204,(anonymous_3)
FNDA:334,(anonymous_4)
FNDA:34,(anonymous_5)
FNDA:204,(anonymous_6)
FNDA:398,(anonymous_7)
FNDA:34,(anonymous_8)
FNDA:136,(anonymous_9)
FNDA:203,(anonymous_10)
FNDA:34,(anonymous_11)
FNDA:136,(anonymous_12)
FNDA:200,(anonymous_13)
FNDA:34,(anonymous_14)
FNDA:34,(anonymous_15)
DA:11,3
DA:12,331
DA:13,321
DA:14,321
DA:15,321
DA:16,321
DA:17,311
DA:18,311
DA:25,3
DA:45,3
DA:46,136
DA:47,136
DA:48,34
DA:49,31
DA:51,102
DA:52,34
DA:53,31
DA:54,30
DA:56,68
DA:57,34
DA:58,33
DA:60,34
DA:61,34
DA:62,33
DA:64,0
DA:75,3
DA:76,34
DA:77,34
DA:79,204
DA:80,198
DA:81,204
DA:83,334
DA:84,34
DA:85,34
DA:86,34
DA:87,34
DA:98,3
DA:99,34
DA:100,34
DA:102,204
DA:103,196
DA:104,196
DA:105,196
DA:107,398
DA:108,34
DA:109,34
DA:110,34
DA:111,34
DA:122,3
DA:123,34
DA:124,34
DA:126,136
DA:127,135
DA:128,135
DA:129,135
DA:131,203
DA:132,34
DA:133,34
DA:134,34
DA:135,34
DA:146,3
DA:147,34
DA:148,34
DA:150,136
DA:151,136
DA:152,136
DA:154,200
DA:155,34
DA:156,34
DA:157,34
DA:158,34
DA:170,3
DA:171,34
DA:172,34
DA:173,1
DA:174,0
DA:177,34
DA:201,3
DA:202,34
DA:203,34
DA:205,34
DA:206,34
DA:207,34
DA:208,34
DA:210,34
DA:217,34
DA:219,34
LF:87
LH:85
BRDA:12,0,0,10
BRDA:12,0,1,321
BRDA:12,1,0,331
BRDA:12,1,1,321
BRDA:16,2,0,10
BRDA:16,2,1,311
BRDA:16,3,0,321
BRDA:16,3,1,311
BRDA:47,4,0,34
BRDA:47,4,1,102
BRDA:48,5,0,3
BRDA:48,5,1,31
BRDA:51,6,0,34
BRDA:51,6,1,68
BRDA:52,7,0,3
BRDA:52,7,1,31
BRDA:53,8,0,1
BRDA:53,8,1,30
BRDA:56,9,0,34
BRDA:56,9,1,34
BRDA:57,10,0,1
BRDA:57,10,1,33
BRDA:60,11,0,34
BRDA:60,11,1,0
BRDA:61,12,0,1
BRDA:61,12,1,33
BRDA:61,13,0,34
BRDA:61,13,1,1
BRDA:79,14,0,6
BRDA:79,14,1,198
BRDA:79,15,0,204
BRDA:79,15,1,18
BRDA:80,16,0,198
BRDA:80,16,1,12
BRDA:85,17,0,34
BRDA:85,17,1,0
BRDA:102,18,0,8
BRDA:102,18,1,196
BRDA:102,19,0,204
BRDA:102,19,1,24
BRDA:109,20,0,34
BRDA:109,20,1,0
BRDA:126,21,0,1
BRDA:126,21,1,135
BRDA:126,22,0,136
BRDA:126,22,1,4
BRDA:133,23,0,34
BRDA:133,23,1,0
BRDA:151,24,0,2
BRDA:151,24,1,134
BRDA:151,25,0,136
BRDA:151,25,1,4
BRDA:156,26,0,34
BRDA:156,26,1,0
BRDA:172,27,0,1
BRDA:172,27,1,33
BRDA:173,28,0,0
BRDA:173,28,1,1
BRDA:173,29,0,1
BRDA:173,29,1,1
BRDA:173,29,2,0
BRDA:179,30,0,0
BRDA:179,30,1,34
BRDA:212,31,0,34
BRDA:212,31,1,0
BRF:65
BRH:56
end_of_record
